<?xml version="1.0" encoding="UTF-8"?>
<testng-results ignored="0" total="1" passed="1" failed="0" skipped="0">
  <reporter-output>
  </reporter-output>
  <suite started-at="2022-11-02T22:09:55 IST" name="Default suite" finished-at="2022-11-02T22:09:55 IST" duration-ms="98">
    <groups>
    </groups>
    <test started-at="2022-11-02T22:09:55 IST" name="Default test" finished-at="2022-11-02T22:09:55 IST" duration-ms="98">
      <class name="Test.Testclass">
        <test-method signature="test()[pri:0, instance:Test.Testclass@53ce1329]" started-at="2022-11-02T22:09:55 IST" name="test" finished-at="2022-11-02T22:09:55 IST" duration-ms="22" status="PASS">
          <reporter-output>
          </reporter-output>
        </test-method> <!-- test -->
      </class> <!-- Test.Testclass -->
    </test> <!-- Default test -->
  </suite> <!-- Default suite -->
</testng-results>
